This is LuaHBTeX, Version 1.17.0 (TeX Live 2023)  (format=lualatex 2023.11.8)  15 SEP 2024 23:12
 system commands enabled.
 file:line:error style messages enabled.
**main.tex
(./main.tex
LaTeX2e <2023-11-01>
L3 programming layer <2023-11-01>
Lua module: luaotfload 2023-08-31 3.26 Lua based OpenType font support
Lua module: lualibs 2023-07-13 2.76 ConTeXt Lua standard libraries.
Lua module: lualibs-extended 2023-07-13 2.76 ConTeXt Lua libraries -- extended collection.
luaotfload | conf : Root cache directory is "/Users/joselu/Library/texlive/2023/texmf-var/luatex-cache/generic/names".
luaotfload | init : Loading fontloader "fontloader-2023-08-19.lua" from kpse-resolved path "/usr/local/texlive/2023/texmf-dist/tex/luatex/luaotfload/fontloader-2023-08-19.lua".
Lua-only attribute luaotfload@noligature = 1
luaotfload | init : Context OpenType loader version 3.133
Inserting `luaotfload.node_processor' in `pre_linebreak_filter'.
Inserting `luaotfload.node_processor' in `hpack_filter'.
Inserting `luaotfload.glyph_stream' in `glyph_stream_provider'.
Inserting `luaotfload.define_font' in `define_font'.
Lua-only attribute luaotfload_color_attribute = 2
luaotfload | conf : Root cache directory is "/Users/joselu/Library/texlive/2023/texmf-var/luatex-cache/generic/names".
Inserting `luaotfload.harf.strip_prefix' in `find_opentype_file'.
Inserting `luaotfload.harf.strip_prefix' in `find_truetype_file'.
Removing  `luaotfload.glyph_stream' from `glyph_stream_provider'.
Inserting `luaotfload.harf.glyphstream' in `glyph_stream_provider'.
Inserting `luaotfload.harf.finalize_vlist' in `post_linebreak_filter'.
Inserting `luaotfload.harf.finalize_hlist' in `hpack_filter'.
Inserting `luaotfload.cleanup_files' in `wrapup_run'.
Inserting `luaotfload.harf.finalize_unicode' in `finish_pdffile'.
Inserting `luaotfload.glyphinfo' in `glyph_info'.
Lua-only attribute luaotfload.letterspace_done = 3
Inserting `luaotfload.aux.set_sscale_dimens' in `luaotfload.patch_font'.
Inserting `luaotfload.aux.set_font_index' in `luaotfload.patch_font'.
Inserting `luaotfload.aux.patch_cambria_domh' in `luaotfload.patch_font'.
Inserting `luaotfload.aux.fixup_fontdata' in `luaotfload.patch_font_unsafe'.
Inserting `luaotfload.aux.set_capheight' in `luaotfload.patch_font'.
Inserting `luaotfload.aux.set_xheight' in `luaotfload.patch_font'.
Inserting `luaotfload.rewrite_fontname' in `luaotfload.patch_font'.
Inserting `tracingstacklevels' in `input_level_string'. (/usr/local/texlive/2023/texmf-dist/tex/latex/beamer/beamer.cls
Document Class: beamer 2023/05/15 v3.70 A class for typesetting presentations
(/usr/local/texlive/2023/texmf-dist/tex/latex/beamer/beamerbasemodes.sty (/usr/local/texlive/2023/texmf-dist/tex/latex/etoolbox/etoolbox.sty
Package: etoolbox 2020/10/05 v2.5k e-TeX tools for LaTeX (JAW)
\etb@tempcnta=\count184
)
\beamer@tempbox=\box51
\beamer@tempcount=\count185
\c@beamerpauses=\count186
 (/usr/local/texlive/2023/texmf-dist/tex/latex/beamer/beamerbasedecode.sty
\beamer@slideinframe=\count187
\beamer@minimum=\count188
\beamer@decode@box=\box52
)
\beamer@commentbox=\box53
\beamer@modecount=\count189
) (/usr/local/texlive/2023/texmf-dist/tex/generic/iftex/iftex.sty
Package: iftex 2022/02/03 v1.0f TeX engine tests
)
\headdp=\dimen139
\footheight=\dimen140
\sidebarheight=\dimen141
\beamer@tempdim=\dimen142
\beamer@finalheight=\dimen143
\beamer@animht=\dimen144
\beamer@animdp=\dimen145
\beamer@animwd=\dimen146
\beamer@leftmargin=\dimen147
\beamer@rightmargin=\dimen148
\beamer@leftsidebar=\dimen149
\beamer@rightsidebar=\dimen150
\beamer@boxsize=\dimen151
\beamer@vboxoffset=\dimen152
\beamer@descdefault=\dimen153
\beamer@descriptionwidth=\dimen154
\beamer@lastskip=\skip48
\beamer@areabox=\box54
\beamer@animcurrent=\box55
\beamer@animshowbox=\box56
\beamer@sectionbox=\box57
\beamer@logobox=\box58
\beamer@linebox=\box59
\beamer@sectioncount=\count190
\beamer@subsubsectionmax=\count191
\beamer@subsectionmax=\count192
\beamer@sectionmax=\count193
\beamer@totalheads=\count194
\beamer@headcounter=\count195
\beamer@partstartpage=\count196
\beamer@sectionstartpage=\count197
\beamer@subsectionstartpage=\count198
\beamer@animationtempa=\count199
\beamer@animationtempb=\count266
\beamer@xpos=\count267
\beamer@ypos=\count268
\beamer@ypos@offset=\count269
\beamer@showpartnumber=\count270
\beamer@currentsubsection=\count271
\beamer@coveringdepth=\count272
\beamer@sectionadjust=\count273
\beamer@toclastsection=\count274
\beamer@tocsectionnumber=\count275
 (/usr/local/texlive/2023/texmf-dist/tex/latex/beamer/beamerbaseoptions.sty (/usr/local/texlive/2023/texmf-dist/tex/latex/graphics/keyval.sty
Package: keyval 2022/05/29 v1.15 key=value parser (DPC)
\KV@toks@=\toks17
))
\beamer@paperwidth=\skip49
\beamer@paperheight=\skip50
 (/usr/local/texlive/2023/texmf-dist/tex/latex/geometry/geometry.sty
Package: geometry 2020/01/02 v5.9 Page Geometry
 (/usr/local/texlive/2023/texmf-dist/tex/generic/iftex/ifvtex.sty
Package: ifvtex 2019/10/25 v1.7 ifvtex legacy package. Use iftex instead.
)
\Gm@cnth=\count276
\Gm@cntv=\count277
\c@Gm@tempcnt=\count278
\Gm@bindingoffset=\dimen155
\Gm@wd@mp=\dimen156
\Gm@odd@mp=\dimen157
\Gm@even@mp=\dimen158
\Gm@layoutwidth=\dimen159
\Gm@layoutheight=\dimen160
\Gm@layouthoffset=\dimen161
\Gm@layoutvoffset=\dimen162
\Gm@dimlist=\toks18
) (/usr/local/texlive/2023/texmf-dist/tex/latex/pgf/math/pgfmath.sty (/usr/local/texlive/2023/texmf-dist/tex/latex/pgf/utilities/pgfrcs.sty (/usr/local/texlive/2023/texmf-dist/tex/generic/pgf/utilities/pgfutil-common.tex
\pgfutil@everybye=\toks19
\pgfutil@tempdima=\dimen163
\pgfutil@tempdimb=\dimen164
) (/usr/local/texlive/2023/texmf-dist/tex/generic/pgf/utilities/pgfutil-latex.def
\pgfutil@abb=\box60
) (/usr/local/texlive/2023/texmf-dist/tex/generic/pgf/utilities/pgfrcs.code.tex (/usr/local/texlive/2023/texmf-dist/tex/generic/pgf/pgf.revision.tex)
Package: pgfrcs 2023-01-15 v3.1.10 (3.1.10)
)) (/usr/local/texlive/2023/texmf-dist/tex/latex/pgf/utilities/pgfkeys.sty (/usr/local/texlive/2023/texmf-dist/tex/generic/pgf/utilities/pgfkeys.code.tex
\pgfkeys@pathtoks=\toks20
\pgfkeys@temptoks=\toks21
 (/usr/local/texlive/2023/texmf-dist/tex/generic/pgf/utilities/pgfkeyslibraryfiltered.code.tex
\pgfkeys@tmptoks=\toks22
))) (/usr/local/texlive/2023/texmf-dist/tex/generic/pgf/math/pgfmath.code.tex (/usr/local/texlive/2023/texmf-dist/tex/generic/pgf/math/pgfmathutil.code.tex
\pgf@x=\dimen165
\pgf@xa=\dimen166
\pgf@xb=\dimen167
\pgf@xc=\dimen168
\pgf@y=\dimen169
\pgf@ya=\dimen170
\pgf@yb=\dimen171
\pgf@yc=\dimen172
\c@pgf@counta=\count279
\c@pgf@countb=\count280
\c@pgf@countc=\count281
\c@pgf@countd=\count282
) (/usr/local/texlive/2023/texmf-dist/tex/generic/pgf/math/pgfmathparser.code.tex
\pgfmath@dimen=\dimen173
\pgfmath@count=\count283
\pgfmath@box=\box61
\pgfmath@toks=\toks23
\pgfmath@stack@operand=\toks24
\pgfmath@stack@operation=\toks25
) (/usr/local/texlive/2023/texmf-dist/tex/generic/pgf/math/pgfmathfunctions.code.tex) (/usr/local/texlive/2023/texmf-dist/tex/generic/pgf/math/pgfmathfunctions.basic.code.tex) (/usr/local/texlive/2023/texmf-dist/tex/generic/pgf/math/pgfmathfunctions.trigonometric.code.tex) (/usr/local/texlive/2023/texmf-dist/tex/generic/pgf/math/pgfmathfunctions.random.code.tex) (/usr/local/texlive/2023/texmf-dist/tex/generic/pgf/math/pgfmathfunctions.comparison.code.tex)
(/usr/local/texlive/2023/texmf-dist/tex/generic/pgf/math/pgfmathfunctions.base.code.tex) (/usr/local/texlive/2023/texmf-dist/tex/generic/pgf/math/pgfmathfunctions.round.code.tex) (/usr/local/texlive/2023/texmf-dist/tex/generic/pgf/math/pgfmathfunctions.misc.code.tex) (/usr/local/texlive/2023/texmf-dist/tex/generic/pgf/math/pgfmathfunctions.integerarithmetics.code.tex) (/usr/local/texlive/2023/texmf-dist/tex/generic/pgf/math/pgfmathcalc.code.tex) (/usr/local/texlive/2023/texmf-dist/tex/generic/pgf/math/pgfmathfloat.code.tex
\c@pgfmathroundto@lastzeros=\count284
))) (/usr/local/texlive/2023/texmf-dist/tex/latex/base/size11.clo
File: size11.clo 2023/05/17 v1.4n Standard LaTeX file (size option)
luaotfload | db : Font names database loaded from /Users/joselu/Library/texlive/2023/texmf-var/luatex-cache/generic/names/luaotfload-names.luc.gz) (/usr/local/texlive/2023/texmf-dist/tex/latex/pgf/basiclayer/pgfcore.sty (/usr/local/texlive/2023/texmf-dist/tex/latex/graphics/graphicx.sty
Package: graphicx 2021/09/16 v1.2d Enhanced LaTeX Graphics (DPC,SPQR)
 (/usr/local/texlive/2023/texmf-dist/tex/latex/graphics/graphics.sty
Package: graphics 2022/03/10 v1.4e Standard LaTeX Graphics (DPC,SPQR)
 (/usr/local/texlive/2023/texmf-dist/tex/latex/graphics/trig.sty
Package: trig 2021/08/11 v1.11 sin cos tan (DPC)
) (/usr/local/texlive/2023/texmf-dist/tex/latex/graphics-cfg/graphics.cfg
File: graphics.cfg 2016/06/04 v1.11 sample graphics configuration
)
Package graphics Info: Driver file: luatex.def on input line 107.
 (/usr/local/texlive/2023/texmf-dist/tex/latex/graphics-def/luatex.def
File: luatex.def 2022/09/22 v1.2d Graphics/color driver for luatex
))
\Gin@req@height=\dimen174
\Gin@req@width=\dimen175
) (/usr/local/texlive/2023/texmf-dist/tex/latex/pgf/systemlayer/pgfsys.sty (/usr/local/texlive/2023/texmf-dist/tex/generic/pgf/systemlayer/pgfsys.code.tex
Package: pgfsys 2023-01-15 v3.1.10 (3.1.10)
\pgf@x=\dimen176
\pgf@y=\dimen177
\pgf@xa=\dimen178
\pgf@ya=\dimen179
\pgf@xb=\dimen180
\pgf@yb=\dimen181
\pgf@xc=\dimen182
\pgf@yc=\dimen183
\pgf@xd=\dimen184
\pgf@yd=\dimen185
\w@pgf@writea=\write3
\r@pgf@reada=\read2
\c@pgf@counta=\count285
\c@pgf@countb=\count286
\c@pgf@countc=\count287
\c@pgf@countd=\count288
\t@pgf@toka=\toks26
\t@pgf@tokb=\toks27
\t@pgf@tokc=\toks28
\pgf@sys@id@count=\count289
 (/usr/local/texlive/2023/texmf-dist/tex/generic/pgf/systemlayer/pgf.cfg
File: pgf.cfg 2023-01-15 v3.1.10 (3.1.10)
)
Driver file for pgf: pgfsys-luatex.def
 (/usr/local/texlive/2023/texmf-dist/tex/generic/pgf/systemlayer/pgfsys-luatex.def
File: pgfsys-luatex.def 2023-01-15 v3.1.10 (3.1.10)
 (/usr/local/texlive/2023/texmf-dist/tex/generic/pgf/systemlayer/pgfsys-common-pdf.def
File: pgfsys-common-pdf.def 2023-01-15 v3.1.10 (3.1.10)
))) (/usr/local/texlive/2023/texmf-dist/tex/generic/pgf/systemlayer/pgfsyssoftpath.code.tex
File: pgfsyssoftpath.code.tex 2023-01-15 v3.1.10 (3.1.10)
\pgfsyssoftpath@smallbuffer@items=\count290
\pgfsyssoftpath@bigbuffer@items=\count291
) (/usr/local/texlive/2023/texmf-dist/tex/generic/pgf/systemlayer/pgfsysprotocol.code.tex
File: pgfsysprotocol.code.tex 2023-01-15 v3.1.10 (3.1.10)
)) (/usr/local/texlive/2023/texmf-dist/tex/latex/xcolor/xcolor.sty
Package: xcolor 2022/06/12 v2.14 LaTeX color extensions (UK)
 (/usr/local/texlive/2023/texmf-dist/tex/latex/graphics-cfg/color.cfg
File: color.cfg 2016/01/02 v1.6 sample color configuration
)
Package xcolor Info: Driver file: luatex.def on input line 227.
 (/usr/local/texlive/2023/texmf-dist/tex/latex/graphics/mathcolor.ltx)
Package xcolor Info: Model `cmy' substituted by `cmy0' on input line 1353.
Package xcolor Info: Model `hsb' substituted by `rgb' on input line 1357.
Package xcolor Info: Model `RGB' extended on input line 1369.
Package xcolor Info: Model `HTML' substituted by `rgb' on input line 1371.
Package xcolor Info: Model `Hsb' substituted by `hsb' on input line 1372.
Package xcolor Info: Model `tHsb' substituted by `hsb' on input line 1373.
Package xcolor Info: Model `HSB' substituted by `hsb' on input line 1374.
Package xcolor Info: Model `Gray' substituted by `gray' on input line 1375.
Package xcolor Info: Model `wave' substituted by `hsb' on input line 1376.
) (/usr/local/texlive/2023/texmf-dist/tex/generic/pgf/basiclayer/pgfcore.code.tex
Package: pgfcore 2023-01-15 v3.1.10 (3.1.10)
 (/usr/local/texlive/2023/texmf-dist/tex/generic/pgf/math/pgfint.code.tex)
(/usr/local/texlive/2023/texmf-dist/tex/generic/pgf/basiclayer/pgfcorepoints.code.tex
File: pgfcorepoints.code.tex 2023-01-15 v3.1.10 (3.1.10)
\pgf@picminx=\dimen186
\pgf@picmaxx=\dimen187
\pgf@picminy=\dimen188
\pgf@picmaxy=\dimen189
\pgf@pathminx=\dimen190
\pgf@pathmaxx=\dimen191
\pgf@pathminy=\dimen192
\pgf@pathmaxy=\dimen193
\pgf@xx=\dimen194
\pgf@xy=\dimen195
\pgf@yx=\dimen196
\pgf@yy=\dimen197
\pgf@zx=\dimen198
\pgf@zy=\dimen199
) (/usr/local/texlive/2023/texmf-dist/tex/generic/pgf/basiclayer/pgfcorepathconstruct.code.tex
File: pgfcorepathconstruct.code.tex 2023-01-15 v3.1.10 (3.1.10)
\pgf@path@lastx=\dimen256
\pgf@path@lasty=\dimen257
) (/usr/local/texlive/2023/texmf-dist/tex/generic/pgf/basiclayer/pgfcorepathusage.code.tex
File: pgfcorepathusage.code.tex 2023-01-15 v3.1.10 (3.1.10)
\pgf@shorten@end@additional=\dimen258
\pgf@shorten@start@additional=\dimen259
) (/usr/local/texlive/2023/texmf-dist/tex/generic/pgf/basiclayer/pgfcorescopes.code.tex
File: pgfcorescopes.code.tex 2023-01-15 v3.1.10 (3.1.10)
\pgfpic=\box62
\pgf@hbox=\box63
\pgf@layerbox@main=\box64
\pgf@picture@serial@count=\count292
) (/usr/local/texlive/2023/texmf-dist/tex/generic/pgf/basiclayer/pgfcoregraphicstate.code.tex
File: pgfcoregraphicstate.code.tex 2023-01-15 v3.1.10 (3.1.10)
\pgflinewidth=\dimen260
) (/usr/local/texlive/2023/texmf-dist/tex/generic/pgf/basiclayer/pgfcoretransformations.code.tex
File: pgfcoretransformations.code.tex 2023-01-15 v3.1.10 (3.1.10)
\pgf@pt@x=\dimen261
\pgf@pt@y=\dimen262
\pgf@pt@temp=\dimen263
) (/usr/local/texlive/2023/texmf-dist/tex/generic/pgf/basiclayer/pgfcorequick.code.tex
File: pgfcorequick.code.tex 2023-01-15 v3.1.10 (3.1.10)
) (/usr/local/texlive/2023/texmf-dist/tex/generic/pgf/basiclayer/pgfcoreobjects.code.tex
File: pgfcoreobjects.code.tex 2023-01-15 v3.1.10 (3.1.10)
) (/usr/local/texlive/2023/texmf-dist/tex/generic/pgf/basiclayer/pgfcorepathprocessing.code.tex
File: pgfcorepathprocessing.code.tex 2023-01-15 v3.1.10 (3.1.10)
) (/usr/local/texlive/2023/texmf-dist/tex/generic/pgf/basiclayer/pgfcorearrows.code.tex
File: pgfcorearrows.code.tex 2023-01-15 v3.1.10 (3.1.10)
\pgfarrowsep=\dimen264
) (/usr/local/texlive/2023/texmf-dist/tex/generic/pgf/basiclayer/pgfcoreshade.code.tex
File: pgfcoreshade.code.tex 2023-01-15 v3.1.10 (3.1.10)
\pgf@max=\dimen265
\pgf@sys@shading@range@num=\count293
\pgf@shadingcount=\count294
) (/usr/local/texlive/2023/texmf-dist/tex/generic/pgf/basiclayer/pgfcoreimage.code.tex
File: pgfcoreimage.code.tex 2023-01-15 v3.1.10 (3.1.10)
) (/usr/local/texlive/2023/texmf-dist/tex/generic/pgf/basiclayer/pgfcoreexternal.code.tex
File: pgfcoreexternal.code.tex 2023-01-15 v3.1.10 (3.1.10)
\pgfexternal@startupbox=\box65
) (/usr/local/texlive/2023/texmf-dist/tex/generic/pgf/basiclayer/pgfcorelayers.code.tex
File: pgfcorelayers.code.tex 2023-01-15 v3.1.10 (3.1.10)
) (/usr/local/texlive/2023/texmf-dist/tex/generic/pgf/basiclayer/pgfcoretransparency.code.tex
File: pgfcoretransparency.code.tex 2023-01-15 v3.1.10 (3.1.10)
) (/usr/local/texlive/2023/texmf-dist/tex/generic/pgf/basiclayer/pgfcorepatterns.code.tex
File: pgfcorepatterns.code.tex 2023-01-15 v3.1.10 (3.1.10)
) (/usr/local/texlive/2023/texmf-dist/tex/generic/pgf/basiclayer/pgfcorerdf.code.tex
File: pgfcorerdf.code.tex 2023-01-15 v3.1.10 (3.1.10)
))) (/usr/local/texlive/2023/texmf-dist/tex/latex/pgf/utilities/xxcolor.sty
Package: xxcolor 2003/10/24 ver 0.1
\XC@nummixins=\count295
\XC@countmixins=\count296
) (/usr/local/texlive/2023/texmf-dist/tex/latex/base/atbegshi-ltx.sty
Package: atbegshi-ltx 2021/01/10 v1.0c Emulation of the original atbegshi
package with kernel methods
) (/usr/local/texlive/2023/texmf-dist/tex/latex/hyperref/hyperref.sty
Package: hyperref 2023-10-27 v7.01d Hypertext links for LaTeX
 (/usr/local/texlive/2023/texmf-dist/tex/generic/ltxcmds/ltxcmds.sty
Package: ltxcmds 2020-05-10 v1.25 LaTeX kernel commands for general use (HO)
) (/usr/local/texlive/2023/texmf-dist/tex/generic/pdftexcmds/pdftexcmds.sty
Package: pdftexcmds 2020-06-27 v0.33 Utility functions of pdfTeX for LuaTeX (HO)
 (/usr/local/texlive/2023/texmf-dist/tex/generic/infwarerr/infwarerr.sty
Package: infwarerr 2019/12/03 v1.5 Providing info/warning/error messages (HO)
)
Package pdftexcmds Info: \pdf@primitive is available.
Package pdftexcmds Info: \pdf@ifprimitive is available.
Package pdftexcmds Info: \pdfdraftmode found.
\pdftexcmds@toks=\toks29
)
(/usr/local/texlive/2023/texmf-dist/tex/latex/kvsetkeys/kvsetkeys.sty
Package: kvsetkeys 2022-10-05 v1.19 Key value parser (HO)
) (/usr/local/texlive/2023/texmf-dist/tex/generic/kvdefinekeys/kvdefinekeys.sty
Package: kvdefinekeys 2019-12-19 v1.6 Define keys (HO)
) (/usr/local/texlive/2023/texmf-dist/tex/generic/pdfescape/pdfescape.sty
Package: pdfescape 2019/12/09 v1.15 Implements pdfTeX's escape features (HO)
) (/usr/local/texlive/2023/texmf-dist/tex/latex/hycolor/hycolor.sty
Package: hycolor 2020-01-27 v1.10 Color options for hyperref/bookmark (HO)
) (/usr/local/texlive/2023/texmf-dist/tex/latex/letltxmacro/letltxmacro.sty
Package: letltxmacro 2019/12/03 v1.6 Let assignment for LaTeX macros (HO)
) (/usr/local/texlive/2023/texmf-dist/tex/latex/auxhook/auxhook.sty
Package: auxhook 2019-12-17 v1.6 Hooks for auxiliary files (HO)
) (/usr/local/texlive/2023/texmf-dist/tex/latex/hyperref/nameref.sty
Package: nameref 2023-10-05 v2.54 Cross-referencing by name of section
 (/usr/local/texlive/2023/texmf-dist/tex/latex/refcount/refcount.sty
Package: refcount 2019/12/15 v3.6 Data extraction from label references (HO)
) (/usr/local/texlive/2023/texmf-dist/tex/generic/gettitlestring/gettitlestring.sty
Package: gettitlestring 2019/12/15 v1.6 Cleanup title references (HO)
 (/usr/local/texlive/2023/texmf-dist/tex/latex/kvoptions/kvoptions.sty
Package: kvoptions 2022-06-15 v3.15 Key value format for package options (HO)
))
\c@section@level=\count297
)
\@linkdim=\dimen266
\Hy@linkcounter=\count298
\Hy@pagecounter=\count299
 (/usr/local/texlive/2023/texmf-dist/tex/latex/hyperref/pd1enc.def
File: pd1enc.def 2023-10-27 v7.01d Hyperref: PDFDocEncoding definition (HO)
) (/usr/local/texlive/2023/texmf-dist/tex/generic/intcalc/intcalc.sty
Package: intcalc 2019/12/15 v1.3 Expandable calculations with integers (HO)
)
\Hy@SavedSpaceFactor=\count300
 (/usr/local/texlive/2023/texmf-dist/tex/latex/hyperref/puenc.def
File: puenc.def 2023-10-27 v7.01d Hyperref: PDF Unicode definition (HO)
)
Package hyperref Info: Option `bookmarks' set `true' on input line 4051.
Package hyperref Info: Option `bookmarksopen' set `true' on input line 4051.
Package hyperref Info: Option `implicit' set `false' on input line 4051.
Package hyperref Info: Hyper figures OFF on input line 4168.
Package hyperref Info: Link nesting OFF on input line 4173.
Package hyperref Info: Hyper index ON on input line 4176.
Package hyperref Info: Plain pages OFF on input line 4183.
Package hyperref Info: Backreferencing OFF on input line 4188.
Package hyperref Info: Implicit mode OFF; no redefinition of LaTeX internals.
Package hyperref Info: Bookmarks ON on input line 4435.
\c@Hy@tempcnt=\count301
 (/usr/local/texlive/2023/texmf-dist/tex/latex/url/url.sty
\Urlmuskip=\muskip16
Package: url 2013/09/16  ver 3.4  Verb mode for urls, etc.
)
LaTeX Info: Redefining \url on input line 4773.
\XeTeXLinkMargin=\dimen267
 (/usr/local/texlive/2023/texmf-dist/tex/generic/bitset/bitset.sty
Package: bitset 2019/12/09 v1.3 Handle bit-vector datatype (HO)
 (/usr/local/texlive/2023/texmf-dist/tex/generic/bigintcalc/bigintcalc.sty
Package: bigintcalc 2019/12/15 v1.5 Expandable calculations on big integers (HO)
))
\Fld@menulength=\count302
\Field@Width=\dimen268
\Fld@charsize=\dimen269
Package hyperref Info: Hyper figures OFF on input line 6052.
Package hyperref Info: Link nesting OFF on input line 6057.
Package hyperref Info: Hyper index ON on input line 6060.
Package hyperref Info: backreferencing OFF on input line 6067.
Package hyperref Info: Link coloring OFF on input line 6072.
Package hyperref Info: Link coloring with OCG OFF on input line 6077.
Package hyperref Info: PDF/A mode OFF on input line 6082.
\Hy@abspage=\count303


Package hyperref Message: Stopped early.

)
Package hyperref Info: Driver (autodetected): hluatex.
 (/usr/local/texlive/2023/texmf-dist/tex/latex/hyperref/hluatex.def
File: hluatex.def 2023-10-27 v7.01d Hyperref driver for luaTeX
 (/usr/local/texlive/2023/texmf-dist/tex/generic/stringenc/stringenc.sty
Package: stringenc 2019/11/29 v1.12 Convert strings between diff. encodings (HO)
) (/usr/local/texlive/2023/texmf-dist/tex/latex/base/atveryend-ltx.sty
Package: atveryend-ltx 2020/08/19 v1.0a Emulation of the original atveryend package
with kernel methods
)
\Fld@listcount=\count304
\c@bookmark@seq@number=\count305
 (/usr/local/texlive/2023/texmf-dist/tex/latex/rerunfilecheck/rerunfilecheck.sty
Package: rerunfilecheck 2022-07-10 v1.10 Rerun checks for auxiliary files (HO)
 (/usr/local/texlive/2023/texmf-dist/tex/generic/uniquecounter/uniquecounter.sty
Package: uniquecounter 2019/12/15 v1.4 Provide unlimited unique counter (HO)
)
Package uniquecounter Info: New unique counter `rerunfilecheck' on input line 285.
)) (/usr/local/texlive/2023/texmf-dist/tex/latex/beamer/beamerbaserequires.sty (/usr/local/texlive/2023/texmf-dist/tex/latex/beamer/beamerbasecompatibility.sty) (/usr/local/texlive/2023/texmf-dist/tex/latex/beamer/beamerbasefont.sty (/usr/local/texlive/2023/texmf-dist/tex/latex/amsfonts/amssymb.sty
Package: amssymb 2013/01/14 v3.01 AMS font symbols
 (/usr/local/texlive/2023/texmf-dist/tex/latex/amsfonts/amsfonts.sty
Package: amsfonts 2013/01/14 v3.01 Basic AMSFonts support
\@emptytoks=\toks30
\symAMSa=\mathgroup4
\symAMSb=\mathgroup5
LaTeX Font Info:    Redeclaring math symbol \hbar on input line 98.
LaTeX Font Info:    Overwriting math alphabet `\mathfrak' in version `bold'
(Font)                  U/euf/m/n --> U/euf/b/n on input line 106.
)) (/usr/local/texlive/2023/texmf-dist/tex/latex/sansmathaccent/sansmathaccent.sty
Package: sansmathaccent 2020/01/31
 (/usr/local/texlive/2023/texmf-dist/tex/latex/koma-script/scrlfile.sty
Package: scrlfile 2023/07/07 v3.41 KOMA-Script package (file load hooks)
 (/usr/local/texlive/2023/texmf-dist/tex/latex/koma-script/scrlfile-hook.sty
Package: scrlfile-hook 2023/07/07 v3.41 KOMA-Script package (using LaTeX hooks)
 (/usr/local/texlive/2023/texmf-dist/tex/latex/koma-script/scrlogo.sty
Package: scrlogo 2023/07/07 v3.41 KOMA-Script package (logo)
))))) (/usr/local/texlive/2023/texmf-dist/tex/latex/beamer/beamerbasetranslator.sty (/usr/local/texlive/2023/texmf-dist/tex/latex/translator/translator.sty
Package: translator 2021-05-31 v1.12d Easy translation of strings in LaTeX
)) (/usr/local/texlive/2023/texmf-dist/tex/latex/beamer/beamerbasemisc.sty) (/usr/local/texlive/2023/texmf-dist/tex/latex/beamer/beamerbasetwoscreens.sty) (/usr/local/texlive/2023/texmf-dist/tex/latex/beamer/beamerbaseoverlay.sty
\beamer@argscount=\count306
\beamer@lastskipcover=\skip51
\beamer@trivlistdepth=\count307
) (/usr/local/texlive/2023/texmf-dist/tex/latex/beamer/beamerbasetitle.sty) (/usr/local/texlive/2023/texmf-dist/tex/latex/beamer/beamerbasesection.sty
\c@lecture=\count308
\c@part=\count309
\c@section=\count310
\c@subsection=\count311
\c@subsubsection=\count312
) (/usr/local/texlive/2023/texmf-dist/tex/latex/beamer/beamerbaseframe.sty
\beamer@framebox=\box66
\beamer@frametitlebox=\box67
\beamer@zoombox=\box68
\beamer@zoomcount=\count313
\beamer@zoomframecount=\count314
\beamer@frametextheight=\dimen270
\c@subsectionslide=\count315
\beamer@frametopskip=\skip52
\beamer@framebottomskip=\skip53
\beamer@frametopskipautobreak=\skip54
\beamer@framebottomskipautobreak=\skip55
\beamer@envbody=\toks31
\framewidth=\dimen271
\c@framenumber=\count316
) (/usr/local/texlive/2023/texmf-dist/tex/latex/beamer/beamerbaseverbatim.sty
\beamer@verbatimfileout=\write4
) (/usr/local/texlive/2023/texmf-dist/tex/latex/beamer/beamerbaseframesize.sty
\beamer@splitbox=\box69
\beamer@autobreakcount=\count317
\beamer@autobreaklastheight=\dimen272
\beamer@frametitletoks=\toks32
\beamer@framesubtitletoks=\toks33
) (/usr/local/texlive/2023/texmf-dist/tex/latex/beamer/beamerbaseframecomponents.sty
\beamer@footins=\box70
) (/usr/local/texlive/2023/texmf-dist/tex/latex/beamer/beamerbasecolor.sty)
(/usr/local/texlive/2023/texmf-dist/tex/latex/beamer/beamerbasenotes.sty
\beamer@frameboxcopy=\box71
) (/usr/local/texlive/2023/texmf-dist/tex/latex/beamer/beamerbasetoc.sty) (/usr/local/texlive/2023/texmf-dist/tex/latex/beamer/beamerbasetemplates.sty
\beamer@sbttoks=\toks34
 (/usr/local/texlive/2023/texmf-dist/tex/latex/beamer/beamerbaseauxtemplates.sty (/usr/local/texlive/2023/texmf-dist/tex/latex/beamer/beamerbaseboxes.sty
\bmb@box=\box72
\bmb@colorbox=\box73
\bmb@boxwidth=\dimen273
\bmb@boxheight=\dimen274
\bmb@prevheight=\dimen275
\bmb@temp=\dimen276
\bmb@dima=\dimen277
\bmb@dimb=\dimen278
\bmb@prevheight=\dimen279
)
\beamer@blockheadheight=\dimen280
)) (/usr/local/texlive/2023/texmf-dist/tex/latex/beamer/beamerbaselocalstructure.sty (/usr/local/texlive/2023/texmf-dist/tex/latex/tools/enumerate.sty
Package: enumerate 2023/07/04 v3.00 enumerate extensions (DPC)
\@enLab=\toks35
)
\beamer@bibiconwidth=\skip56
\c@figure=\count318
\c@table=\count319
\abovecaptionskip=\skip57
\belowcaptionskip=\skip58
) (/usr/local/texlive/2023/texmf-dist/tex/latex/beamer/beamerbasenavigation.sty (/usr/local/texlive/2023/texmf-dist/tex/latex/beamer/beamerbasenavigationsymbols.tex)
\beamer@section@min@dim=\dimen281
) (/usr/local/texlive/2023/texmf-dist/tex/latex/beamer/beamerbasetheorems.sty (/usr/local/texlive/2023/texmf-dist/tex/latex/amsmath/amsmath.sty
Package: amsmath 2023/05/13 v2.17o AMS math features
\@mathmargin=\skip59

For additional information on amsmath, use the `?' option.
(/usr/local/texlive/2023/texmf-dist/tex/latex/amsmath/amstext.sty
Package: amstext 2021/08/26 v2.01 AMS text
 (/usr/local/texlive/2023/texmf-dist/tex/latex/amsmath/amsgen.sty
File: amsgen.sty 1999/11/30 v2.0 generic functions
\@emptytoks=\toks36
\ex@=\dimen282
)) (/usr/local/texlive/2023/texmf-dist/tex/latex/amsmath/amsbsy.sty
Package: amsbsy 1999/11/29 v1.2d Bold Symbols
\pmbraise@=\dimen283
) (/usr/local/texlive/2023/texmf-dist/tex/latex/amsmath/amsopn.sty
Package: amsopn 2022/04/08 v2.04 operator names
)
\inf@bad=\count320
LaTeX Info: Redefining \frac on input line 236.
\uproot@=\count321
\leftroot@=\count322
LaTeX Info: Redefining \overline on input line 399.
LaTeX Info: Redefining \colon on input line 410.
\classnum@=\count323
\DOTSCASE@=\count324
LaTeX Info: Redefining \ldots on input line 496.
LaTeX Info: Redefining \dots on input line 499.
LaTeX Info: Redefining \cdots on input line 620.
\Mathstrutbox@=\box74
\strutbox@=\box75
LaTeX Info: Redefining \big on input line 722.
LaTeX Info: Redefining \Big on input line 723.
LaTeX Info: Redefining \bigg on input line 724.
LaTeX Info: Redefining \Bigg on input line 725.
\big@size=\dimen284
LaTeX Font Info:    Redeclaring font encoding OML on input line 743.
LaTeX Font Info:    Redeclaring font encoding OMS on input line 744.
\macc@depth=\count325
LaTeX Info: Redefining \bmod on input line 905.
LaTeX Info: Redefining \pmod on input line 910.
LaTeX Info: Redefining \smash on input line 940.
LaTeX Info: Redefining \relbar on input line 970.
LaTeX Info: Redefining \Relbar on input line 971.
\c@MaxMatrixCols=\count326
\dotsspace@=\muskip17
\c@parentequation=\count327
\dspbrk@lvl=\count328
\tag@help=\toks37
\row@=\count329
\column@=\count330
\maxfields@=\count331
\andhelp@=\toks38
\eqnshift@=\dimen285
\alignsep@=\dimen286
\tagshift@=\dimen287
\tagwidth@=\dimen288
\totwidth@=\dimen289
\lineht@=\dimen290
\@envbody=\toks39
\multlinegap=\skip60
\multlinetaggap=\skip61
\mathdisplay@stack=\toks40
LaTeX Info: Redefining \[ on input line 2953.
LaTeX Info: Redefining \] on input line 2954.
) (/usr/local/texlive/2023/texmf-dist/tex/latex/amscls/amsthm.sty
Package: amsthm 2020/05/29 v2.20.6
\thm@style=\toks41
\thm@bodyfont=\toks42
\thm@headfont=\toks43
\thm@notefont=\toks44
\thm@headpunct=\toks45
\thm@preskip=\skip62
\thm@postskip=\skip63
\thm@headsep=\skip64
\dth@everypar=\toks46
)
\c@theorem=\count332
) (/usr/local/texlive/2023/texmf-dist/tex/latex/beamer/beamerbasethemes.sty)) (/usr/local/texlive/2023/texmf-dist/tex/latex/beamer/beamerthemedefault.sty (/usr/local/texlive/2023/texmf-dist/tex/latex/beamer/beamerfontthemedefault.sty) (/usr/local/texlive/2023/texmf-dist/tex/latex/beamer/beamercolorthemedefault.sty) (/usr/local/texlive/2023/texmf-dist/tex/latex/beamer/beamerinnerthemedefault.sty
\beamer@dima=\dimen291
\beamer@dimb=\dimen292
) (/usr/local/texlive/2023/texmf-dist/tex/latex/beamer/beamerouterthemedefault.sty))) (/usr/local/texlive/2023/texmf-dist/tex/latex/beamer/beamerthemeAntibes.sty (/usr/local/texlive/2023/texmf-dist/tex/latex/beamer/beamerouterthemetree.sty) (/usr/local/texlive/2023/texmf-dist/tex/latex/beamer/beamercolorthemewhale.sty) (/usr/local/texlive/2023/texmf-dist/tex/latex/beamer/beamercolorthemeorchid.sty) (/usr/local/texlive/2023/texmf-dist/tex/latex/beamer/beamerinnerthemerectangles.sty)) (/usr/local/texlive/2023/texmf-dist/tex/latex/beamer/beamerfontthemeserif.sty) (/usr/local/texlive/2023/texmf-dist/tex/latex/base/inputenc.sty
Package: inputenc 2021/02/14 v1.3d Input encoding file
\inpenc@prehook=\toks47
\inpenc@posthook=\toks48
) (/usr/local/texlive/2023/texmf-dist/tex/latex/base/fontenc.sty
Package: fontenc 2021/04/29 v2.0v Standard LaTeX package
LaTeX Font Info:    Trying to load font information for T1+lmr on input line 112.
 (/usr/local/texlive/2023/texmf-dist/tex/latex/lm/t1lmr.fd
File: t1lmr.fd 2015/05/01 v1.6.1 Font defs for Latin Modern
)) (/usr/local/texlive/2023/texmf-dist/tex/latex/float/float.sty
Package: float 2001/11/08 v1.3d Float enhancements (AL)
\c@float@type=\count333
\float@exts=\toks49
\float@box=\box76
\@float@everytoks=\toks50
\@floatcapt=\box77
) (/usr/local/texlive/2023/texmf-dist/tex/generic/babel/babel.sty
Package: babel 2023/10/25 v3.96 The Babel package
 (/usr/local/texlive/2023/texmf-dist/tex/generic/babel/luababel.def
\bbl@readstream=\read3
\l@dumylang=\language2
Package babel Info: Non-standard hyphenation setup on input line 118.
\l@nohyphenation=\language3
\l@german-x-2023-03-06=\language4
\l@ngerman-x-2023-03-06=\language5
\l@afrikaans=\language6
\l@ancientgreek=\language7
\l@ibycus=\language8
\l@arabic=\language9
\l@armenian=\language10
\l@basque=\language11
\l@belarusian=\language12
\l@bulgarian=\language13
\l@catalan=\language14
\l@pinyin=\language15
\l@churchslavonic=\language16
\l@coptic=\language17
\l@croatian=\language18
\l@czech=\language19
\l@danish=\language20
\l@dutch=\language21
\l@ukenglish=\language22
\l@usenglishmax=\language23
\l@esperanto=\language24
\l@estonian=\language25
\l@ethiopic=\language26
\l@farsi=\language27
\l@finnish=\language28
\l@schoolfinnish=\language29
\l@french=\language30
\l@friulan=\language31
\l@galician=\language32
\l@georgian=\language33
\l@german=\language34
\l@ngerman=\language35
\l@swissgerman=\language36
\l@greek=\language37
\l@monogreek=\language38
\l@hungarian=\language39
\l@icelandic=\language40
\l@assamese=\language41
\l@bengali=\language42
\l@gujarati=\language43
\l@hindi=\language44
\l@kannada=\language45
\l@malayalam=\language46
\l@marathi=\language47
\l@oriya=\language48
\l@pali=\language49
\l@panjabi=\language50
\l@tamil=\language51
\l@telugu=\language52
\l@indonesian=\language53
\l@interlingua=\language54
\l@irish=\language55
\l@italian=\language56
\l@kurmanji=\language57
\l@classiclatin=\language58
\l@latin=\language59
\l@liturgicallatin=\language60
\l@latvian=\language61
\l@lithuanian=\language62
\l@macedonian=\language63
\l@mongolian=\language64
\l@mongolianlmc=\language65
\l@bokmal=\language66
\l@nynorsk=\language67
\l@occitan=\language68
\l@piedmontese=\language69
\l@polish=\language70
\l@portuguese=\language71
\l@romanian=\language72
\l@romansh=\language73
\l@russian=\language74
\l@sanskrit=\language75
\l@serbian=\language76
\l@serbianc=\language77
\l@slovak=\language78
\l@slovenian=\language79
\l@spanish=\language80
\l@swedish=\language81
\l@thai=\language82
\l@turkish=\language83
\l@turkmen=\language84
\l@ukrainian=\language85
\l@uppersorbian=\language86
\l@welsh=\language87
\babelcatcodetablenum=\catcodetable14
\bbl@pattcodes=\catcodetable15
)
\babel@savecnt=\count334
\U@D=\dimen293
\l@unhyphenated=\language88
 (/usr/local/texlive/2023/texmf-dist/tex/generic/babel/luababel.def
\bbl@attr@locale=\attribute4
)
LaTeX Info: Redefining \textlatin on input line 3953.
Package babel Info: You haven't specified a language as a class or package
(babel)             option. I'll load 'nil'. Reported on input line 4301.
 (/usr/local/texlive/2023/texmf-dist/tex/generic/babel/nil.ldf
Language: nil 2023/10/25 v3.96 Nil language
\l@nil=\language89
)) (/usr/local/texlive/2023/texmf-dist/tex/latex/pgf/frontendlayer/tikz.sty (/usr/local/texlive/2023/texmf-dist/tex/latex/pgf/basiclayer/pgf.sty
Package: pgf 2023-01-15 v3.1.10 (3.1.10)

(/usr/local/texlive/2023/texmf-dist/tex/generic/pgf/modules/pgfmoduleshapes.code.tex
File: pgfmoduleshapes.code.tex 2023-01-15 v3.1.10 (3.1.10)
\pgfnodeparttextbox=\box78
) (/usr/local/texlive/2023/texmf-dist/tex/generic/pgf/modules/pgfmoduleplot.code.tex
File: pgfmoduleplot.code.tex 2023-01-15 v3.1.10 (3.1.10)
) (/usr/local/texlive/2023/texmf-dist/tex/latex/pgf/compatibility/pgfcomp-version-0-65.sty
Package: pgfcomp-version-0-65 2023-01-15 v3.1.10 (3.1.10)
\pgf@nodesepstart=\dimen294
\pgf@nodesepend=\dimen295
) (/usr/local/texlive/2023/texmf-dist/tex/latex/pgf/compatibility/pgfcomp-version-1-18.sty
Package: pgfcomp-version-1-18 2023-01-15 v3.1.10 (3.1.10)
)) (/usr/local/texlive/2023/texmf-dist/tex/latex/pgf/utilities/pgffor.sty (/usr/local/texlive/2023/texmf-dist/tex/generic/pgf/utilities/pgffor.code.tex
Package: pgffor 2023-01-15 v3.1.10 (3.1.10)
\pgffor@iter=\dimen296
\pgffor@skip=\dimen297
\pgffor@stack=\toks51
\pgffor@toks=\toks52
)) (/usr/local/texlive/2023/texmf-dist/tex/generic/pgf/frontendlayer/tikz/tikz.code.tex
Package: tikz 2023-01-15 v3.1.10 (3.1.10)
 (/usr/local/texlive/2023/texmf-dist/tex/generic/pgf/libraries/pgflibraryplothandlers.code.tex
File: pgflibraryplothandlers.code.tex 2023-01-15 v3.1.10 (3.1.10)
\pgf@plot@mark@count=\count335
\pgfplotmarksize=\dimen298
)
\tikz@lastx=\dimen299
\tikz@lasty=\dimen300
\tikz@lastxsaved=\dimen301
\tikz@lastysaved=\dimen302
\tikz@lastmovetox=\dimen303
\tikz@lastmovetoy=\dimen304
\tikzleveldistance=\dimen305
\tikzsiblingdistance=\dimen306
\tikz@figbox=\box79
\tikz@figbox@bg=\box80
\tikz@tempbox=\box81
\tikz@tempbox@bg=\box82
\tikztreelevel=\count336
\tikznumberofchildren=\count337
\tikznumberofcurrentchild=\count338
\tikz@fig@count=\count339
 (/usr/local/texlive/2023/texmf-dist/tex/generic/pgf/modules/pgfmodulematrix.code.tex
File: pgfmodulematrix.code.tex 2023-01-15 v3.1.10 (3.1.10)
\pgfmatrixcurrentrow=\count340
\pgfmatrixcurrentcolumn=\count341
\pgf@matrix@numberofcolumns=\count342
)
\tikz@expandcount=\count343
 (/usr/local/texlive/2023/texmf-dist/tex/generic/pgf/frontendlayer/tikz/libraries/tikzlibrarytopaths.code.tex
File: tikzlibrarytopaths.code.tex 2023-01-15 v3.1.10 (3.1.10)
))) (/usr/local/texlive/2023/texmf-dist/tex/latex/circuitikz/circuitikz.sty
Package: circuitikz 2023/10/29{} The CircuiTikz circuit drawing package version 1.6.5
 (/usr/local/texlive/2023/texmf-dist/tex/generic/pgf/frontendlayer/tikz/libraries/tikzlibrarycalc.code.tex
File: tikzlibrarycalc.code.tex 2023-01-15 v3.1.10 (3.1.10)
) (/usr/local/texlive/2023/texmf-dist/tex/generic/pgf/libraries/pgflibraryarrows.meta.code.tex
File: pgflibraryarrows.meta.code.tex 2023-01-15 v3.1.10 (3.1.10)
\pgfarrowinset=\dimen307
\pgfarrowlength=\dimen308
\pgfarrowwidth=\dimen309
\pgfarrowlinewidth=\dimen310
) (/usr/local/texlive/2023/texmf-dist/tex/generic/pgf/frontendlayer/tikz/libraries/tikzlibrarybending.code.tex
File: tikzlibrarybending.code.tex 2023-01-15 v3.1.10 (3.1.10)
 (/usr/local/texlive/2023/texmf-dist/tex/generic/pgf/modules/pgfmodulebending.code.tex
File: pgfmodulebending.code.tex 2023-01-15 v3.1.10 (3.1.10)
 (/usr/local/texlive/2023/texmf-dist/tex/generic/pgf/modules/pgfmodulenonlineartransformations.code.tex
File: pgfmodulenonlineartransformations.code.tex 2023-01-15 v3.1.10 (3.1.10)
\pgftransformnonlinearflatness=\dimen311
) (/usr/local/texlive/2023/texmf-dist/tex/generic/pgf/libraries/pgflibrarycurvilinear.code.tex
File: pgflibrarycurvilinear.code.tex 2023-01-15 v3.1.10 (3.1.10)
\pgf@curvilinear@time@a=\dimen312
\pgf@curvilinear@length@a=\dimen313
\pgf@curvilinear@length@b=\dimen314
\pgf@curvilinear@length@c=\dimen315
\pgf@curvilinear@length@d=\dimen316
)
\pgf@arrows@the@rigidity=\dimen317
)) (/usr/local/texlive/2023/texmf-dist/tex/generic/pgf/frontendlayer/tikz/libraries/tikzlibraryfpu.code.tex (/usr/local/texlive/2023/texmf-dist/tex/generic/pgf/libraries/pgflibraryfpu.code.tex)) (/usr/local/texlive/2023/texmf-dist/tex/generic/circuitikz/pgfcirc.defines.tex
\pgf@circ@count@a=\count344
\pgf@circ@count@b=\count345
\pgf@circ@count@c=\count346
\pgf@circ@res@up=\dimen318
\pgf@circ@res@down=\dimen319
\pgf@circ@res@zero=\dimen320
\pgf@circ@res@left=\dimen321
\pgf@circ@res@right=\dimen322
\pgf@circ@res@other=\dimen323
\pgf@circ@res@step=\dimen324
\pgf@circ@res@temp=\dimen325
\pgf@circ@Rlen=\dimen326
\pgf@circ@scaled@Rlen=\dimen327
\pgfstartlinewidth=\dimen328
) (/usr/local/texlive/2023/texmf-dist/tex/generic/circuitikz/pgfcircutils.tex
\ctikz@scratchbox=\box83
) (/usr/local/texlive/2023/texmf-dist/tex/generic/circuitikz/pgfcircpath.tex)
(/usr/local/texlive/2023/texmf-dist/tex/generic/circuitikz/pgfcircshapes.tex) (/usr/local/texlive/2023/texmf-dist/tex/generic/circuitikz/pgfcircmonopoles.tex) (/usr/local/texlive/2023/texmf-dist/tex/generic/circuitikz/pgfcircbipoles.tex) (/usr/local/texlive/2023/texmf-dist/tex/generic/circuitikz/pgfcirctripoles.tex
\pgf@circ@res@count=\count347
) (/usr/local/texlive/2023/texmf-dist/tex/generic/circuitikz/pgfcircquadpoles.tex) (/usr/local/texlive/2023/texmf-dist/tex/generic/circuitikz/pgfcircmultipoles.tex) (/usr/local/texlive/2023/texmf-dist/tex/generic/circuitikz/pgfcirclabel.tex) (/usr/local/texlive/2023/texmf-dist/tex/generic/circuitikz/pgfcircvoltage.tex
\pgfcirc@labelshift=\dimen329
) (/usr/local/texlive/2023/texmf-dist/tex/generic/circuitikz/pgfcirccurrent.tex) (/usr/local/texlive/2023/texmf-dist/tex/generic/circuitikz/pgfcircflow.tex)) (/usr/local/texlive/2023/texmf-dist/tex/latex/caption/caption.sty
Package: caption 2023/08/05 v3.6o Customizing captions (AR)
 (/usr/local/texlive/2023/texmf-dist/tex/latex/caption/caption3.sty
Package: caption3 2023/07/31 v2.4d caption3 kernel (AR)
\caption@tempdima=\dimen330
\captionmargin=\dimen331
\caption@leftmargin=\dimen332
\caption@rightmargin=\dimen333
\caption@width=\dimen334
\caption@indent=\dimen335
\caption@parindent=\dimen336
\caption@hangindent=\dimen337
Package caption Info: beamer document class detected.
 (/usr/local/texlive/2023/texmf-dist/tex/latex/caption/caption-beamer.sto
File: caption-beamer.sto 2022/01/06 v2.0c Adaption of the caption package to the beamer document classes (AR)
))
\c@caption@flags=\count348
\c@continuedfloat=\count349
Package caption Info: float package is loaded.
Package caption Info: hyperref package is loaded.
Package caption Info: Hyperref support is turned off
(caption)             because hyperref has stopped early.
) (/usr/local/texlive/2023/texmf-dist/tex/latex/caption/subcaption.sty
Package: subcaption 2023/07/28 v1.6b Sub-captions (AR)
Package caption Info: New subtype `subfigure' on input line 238.
\c@subfigure=\count350
Package caption Info: New subtype `subtable' on input line 238.
\c@subtable=\count351
) (/usr/local/texlive/2023/texmf-dist/tex/generic/soul/soul.sty
Package: soul 2023-06-14 v3.1 Permit use of UTF-8 characters in soul (HO)
 (/usr/local/texlive/2023/texmf-dist/tex/generic/soul/soul-ori.sty
Package: soul-ori 2023-06-14 v3.1 letterspacing/underlining (mf)
\SOUL@word=\toks53
\SOUL@lasttoken=\toks54
\SOUL@syllable=\toks55
\SOUL@cmds=\toks56
\SOUL@buffer=\toks57
\SOUL@token=\toks58
\SOUL@syllgoal=\dimen338
\SOUL@syllwidth=\dimen339
\SOUL@charkern=\dimen340
\SOUL@hyphkern=\dimen341
\SOUL@dimen=\dimen342
\SOUL@dimeni=\dimen343
\SOUL@minus=\count352
\SOUL@comma=\count353
\SOUL@apo=\count354
\SOUL@grave=\count355
\SOUL@spaceskip=\skip65
\SOUL@ttwidth=\dimen344
\SOUL@uldp=\dimen345
\SOUL@ulht=\dimen346
) (/usr/local/texlive/2023/texmf-dist/tex/generic/etexcmds/etexcmds.sty
Package: etexcmds 2019/12/15 v1.7 Avoid name clashes with e-TeX commands (HO)
)) (/usr/local/texlive/2023/texmf-dist/tex/latex/appendix/appendix.sty
Package: appendix 2020/02/08 v1.2c extra appendix facilities
\c@@pps=\count356
\c@@ppsavesec=\count357
\c@@ppsaveapp=\count358
) (/usr/local/texlive/2023/texmf-dist/tex/latex/lipsum/lipsum.sty (/usr/local/texlive/2023/texmf-dist/tex/latex/l3packages/l3keys2e/l3keys2e.sty (/usr/local/texlive/2023/texmf-dist/tex/latex/l3kernel/expl3.sty
Package: expl3 2023-11-01 L3 programming layer (loader) 
 (/usr/local/texlive/2023/texmf-dist/tex/latex/l3backend/l3backend-luatex.def
File: l3backend-luatex.def 2023-10-23 L3 backend support: PDF output (LuaTeX)
\l__color_backend_stack_int=\count359
Inserting `l3color' in `luaotfload.parse_color'.
\l__pdf_internal_box=\box84
))
Package: l3keys2e 2023-10-10 LaTeX2e option processing using LaTeX3 keys
)
Package: lipsum 2021-09-20 v2.7 150 paragraphs of Lorem Ipsum dummy text
\g__lipsum_par_int=\count360
\l__lipsum_a_int=\count361
\l__lipsum_b_int=\count362
 (/usr/local/texlive/2023/texmf-dist/tex/latex/lipsum/lipsum.ltd.tex)) (/usr/local/texlive/2023/texmf-dist/tex/latex/svg/svg.sty
Package: svg 2020/11/26 v2.02k (include SVG pictures)
 (/usr/local/texlive/2023/texmf-dist/tex/latex/koma-script/scrbase.sty
Package: scrbase 2023/07/07 v3.41 KOMA-Script package (KOMA-Script-independent basics and keyval usage)
Applying: [2021/05/01] Usage of raw or classic option list on input line 252.
Already applied: [0000/00/00] Usage of raw or classic option list on input line 368.
) (/usr/local/texlive/2023/texmf-dist/tex/latex/trimspaces/trimspaces.sty
Package: trimspaces 2009/09/17 v1.1 Trim spaces around a token list
) (/usr/local/texlive/2023/texmf-dist/tex/latex/tools/shellesc.sty
Package: shellesc 2023/07/08 v1.0d unified shell escape interface for LaTeX
Package shellesc Info: Unrestricted shell escape enabled on input line 75.
)
(/usr/local/texlive/2023/texmf-dist/tex/latex/ifplatform/ifplatform.sty
Package: ifplatform 2017/10/13 v0.4a Testing for the operating system
 (/usr/local/texlive/2023/texmf-dist/tex/generic/catchfile/catchfile.sty
Package: catchfile 2019/12/09 v1.8 Catch the contents of a file (HO)
) (/usr/local/texlive/2023/texmf-dist/tex/generic/iftex/ifluatex.sty
Package: ifluatex 2019/10/25 v1.5 ifluatex legacy package. Use iftex instead.
)
runsystem(uname -s > "main.w18")...executed.
 (./main.w18)
runsystem(rm -- "main.w18")...executed.
)
\c@svg@param@lastpage=\count363
\svg@box=\box85
\c@svg@param@currpage=\count364
) (/usr/local/texlive/2023/texmf-dist/tex/latex/transparent/transparent.sty
Package: transparent 2022-10-27 v1.5 Transparency with color stacks
 (/usr/local/texlive/2023/texmf-dist/tex/latex/transparent/transparent-nometadata.sty
Package: transparent-nometadata 2022-10-27 v1.5 Transparency via pdfTeX's color stack (HO)
))
\sympureletters=\mathgroup6
LaTeX Font Info:    Overwriting symbol font `pureletters' in version `bold'
(Font)                  OT1/mathkerncmss/m/sl --> OT1/mathkerncmss/bx/sl on input line 31.
 (/usr/local/texlive/2023/texmf-dist/tex/latex/tools/bm.sty
Package: bm 2023/07/08 v1.2f Bold Symbol Support (DPC/FMi)
\symboldoperators=\mathgroup7
\symboldletters=\mathgroup8
\symboldsymbols=\mathgroup9
Package bm Info: No bold for \OMX/cmex/m/n, using \pmb.
Package bm Info: No bold for \U/msa/m/n, using \pmb.
Package bm Info: No bold for \U/msb/m/n, using \pmb.
\symboldpureletters=\mathgroup10
LaTeX Font Info:    Redeclaring math alphabet \mathbf on input line 149.
) (/usr/local/texlive/2023/texmf-dist/tex/latex/cancel/cancel.sty
Package: cancel 2013/04/12 v2.2 Cancel math terms
) (/usr/local/texlive/2023/texmf-dist/tex/latex/mathtools/empheq.sty
Package: empheq 2017/03/31 v2.15 Emphasizing equations
 (/usr/local/texlive/2023/texmf-dist/tex/latex/mathtools/mhsetup.sty
Package: mhsetup 2021/03/18 v1.4 programming setup (MH)
) (/usr/local/texlive/2023/texmf-dist/tex/latex/mathtools/mathtools.sty
Package: mathtools 2022/06/29 v1.29 mathematical typesetting tools
 (/usr/local/texlive/2023/texmf-dist/tex/latex/tools/calc.sty
Package: calc 2023/07/08 v4.3 Infix arithmetic (KKT,FJ)
\calc@Acount=\count365
\calc@Bcount=\count366
\calc@Adimen=\dimen347
\calc@Bdimen=\dimen348
\calc@Askip=\skip66
\calc@Bskip=\skip67
LaTeX Info: Redefining \setlength on input line 80.
LaTeX Info: Redefining \addtolength on input line 81.
\calc@Ccount=\count367
\calc@Cskip=\skip68
)
\g_MT_multlinerow_int=\count368
\l_MT_multwidth_dim=\dimen349
\origjot=\skip69
\l_MT_shortvdotswithinadjustabove_dim=\dimen350
\l_MT_shortvdotswithinadjustbelow_dim=\dimen351
\l_MT_above_intertext_sep=\dimen352
\l_MT_below_intertext_sep=\dimen353
\l_MT_above_shortintertext_sep=\dimen354
\l_MT_below_shortintertext_sep=\dimen355
\xmathstrut@box=\box86
\xmathstrut@dim=\dimen356
)
\l_EQ_equationtype_int=\count369
\l_EQ_alignmentmode_int=\count370
\l_EQ_totalwidth_dim=\dimen357
\l_EQ_displaywidth_dim=\dimen358
\l_EQ_temp_linewidth_dim=\dimen359
\l_EQ_linewidth_dim=\dimen360
\EmphEqdelimitershortfall=\dimen361
\EmphEqdelimiterfactor=\count371
\g_EQ_toptag_height_dim=\dimen362
\g_EQ_bottomtag_depth_dim=\dimen363
\g_EQ_toprow_height_dim=\dimen364
\g_EQ_bottomrow_depth_dim=\dimen365
\g_EQ_widesttag_dim=\dimen366
\EQ_mathdisplay_box=\box87
\EQ_tag_box=\box88
\g_EQ_temprow_int=\count372
) (/usr/local/texlive/2023/texmf-dist/tex/latex/physics/physics.sty
Package: physics 
 (/usr/local/texlive/2023/texmf-dist/tex/latex/l3packages/xparse/xparse.sty
Package: xparse 2023-10-10 L3 Experimental document command parser
)) (/usr/local/texlive/2023/texmf-dist/tex/latex/siunitx/siunitx.sty
Package: siunitx 2023-10-07 v3.3.7 A comprehensive (SI) units package
\l__siunitx_number_uncert_offset_int=\count373
\l__siunitx_number_exponent_fixed_int=\count374
\l__siunitx_number_min_decimal_int=\count375
\l__siunitx_number_min_integer_int=\count376
\l__siunitx_number_round_precision_int=\count377
\l__siunitx_number_lower_threshold_int=\count378
\l__siunitx_number_upper_threshold_int=\count379
\l__siunitx_number_group_first_int=\count380
\l__siunitx_number_group_size_int=\count381
\l__siunitx_number_group_minimum_int=\count382
\l__siunitx_angle_tmp_dim=\dimen367
\l__siunitx_angle_marker_box=\box89
\l__siunitx_angle_unit_box=\box90
\l__siunitx_compound_count_int=\count383
 (/usr/local/texlive/2023/texmf-dist/tex/latex/translations/translations.sty
Package: translations 2022/02/05 v1.12 internationalization of LaTeX2e packages (CN)
)
\l__siunitx_table_tmp_box=\box91
\l__siunitx_table_tmp_dim=\dimen368
\l__siunitx_table_column_width_dim=\dimen369
\l__siunitx_table_integer_box=\box92
\l__siunitx_table_decimal_box=\box93
\l__siunitx_table_uncert_box=\box94
\l__siunitx_table_before_box=\box95
\l__siunitx_table_after_box=\box96
\l__siunitx_table_before_dim=\dimen370
\l__siunitx_table_carry_dim=\dimen371
\l__siunitx_unit_tmp_int=\count384
\l__siunitx_unit_position_int=\count385
\l__siunitx_unit_total_int=\count386
 (/usr/local/texlive/2023/texmf-dist/tex/latex/tools/array.sty
Package: array 2023/10/16 v2.5g Tabular extension package (FMi)
\col@sep=\dimen372
\ar@mcellbox=\box97
\extrarowheight=\dimen373
\NC@list=\toks59
\extratabsurround=\skip70
\backup@length=\skip71
\ar@cellbox=\box98
))
Package hyperref Info: Option `colorlinks' set `true' on input line 54.
 (/usr/local/texlive/2023/texmf-dist/tex/latex/subfiles/subfiles.sty
Package: subfiles 2020/11/14 v2.2 Multi-file projects (package)
 (/usr/local/texlive/2023/texmf-dist/tex/latex/import/import.sty
Package: import 2020/04/01  v 6.2
)) (/usr/local/texlive/2023/texmf-dist/tex/generic/pgf/frontendlayer/tikz/libraries/tikzlibrarybabel.code.tex
File: tikzlibrarybabel.code.tex 2023-01-15 v3.1.10 (3.1.10)
) (/usr/local/texlive/2023/texmf-dist/tex/generic/pgf/frontendlayer/tikz/libraries/tikzlibrarymath.code.tex
\tikz@math@for@depth=\count387
\tikz@math@dimen=\dimen374
\tikz@math@toks=\toks60
) (/usr/local/texlive/2023/texmf-dist/tex/generic/pgf/frontendlayer/tikz/libraries/tikzlibrarybackgrounds.code.tex
File: tikzlibrarybackgrounds.code.tex 2023-01-15 v3.1.10 (3.1.10)
\pgf@layerbox@background=\box99
\pgf@layerboxsaved@background=\box100
) (./main.aux)
\openout1 = main.aux

LaTeX Font Info:    Checking defaults for OML/cmm/m/it on input line 105.
LaTeX Font Info:    ... okay on input line 105.
LaTeX Font Info:    Checking defaults for OMS/cmsy/m/n on input line 105.
LaTeX Font Info:    ... okay on input line 105.
LaTeX Font Info:    Checking defaults for OT1/cmr/m/n on input line 105.
LaTeX Font Info:    ... okay on input line 105.
LaTeX Font Info:    Checking defaults for T1/cmr/m/n on input line 105.
LaTeX Font Info:    ... okay on input line 105.
LaTeX Font Info:    Checking defaults for TS1/cmr/m/n on input line 105.
LaTeX Font Info:    Trying to load font information for TS1+cmr on input line 105.
 (/usr/local/texlive/2023/texmf-dist/tex/latex/base/ts1cmr.fd
File: ts1cmr.fd 2023/04/13 v2.5m Standard LaTeX font definitions
)
LaTeX Font Info:    ... okay on input line 105.
LaTeX Font Info:    Checking defaults for TU/lmr/m/n on input line 105.
LaTeX Font Info:    ... okay on input line 105.
LaTeX Font Info:    Checking defaults for OMX/cmex/m/n on input line 105.
LaTeX Font Info:    ... okay on input line 105.
LaTeX Font Info:    Checking defaults for U/cmr/m/n on input line 105.
LaTeX Font Info:    ... okay on input line 105.
LaTeX Font Info:    Checking defaults for PD1/pdf/m/n on input line 105.
LaTeX Font Info:    ... okay on input line 105.
LaTeX Font Info:    Checking defaults for PU/pdf/m/n on input line 105.
LaTeX Font Info:    ... okay on input line 105.

*geometry* driver: auto-detecting
*geometry* detected driver: luatex
*geometry* verbose mode - [ preamble ] result:
* driver: luatex
* paper: custom
* layout: <same size as paper>
* layoutoffset:(h,v)=(0.0pt,0.0pt)
* modes: includehead includefoot 
* h-part:(L,W,R)=(28.45274pt, 307.28987pt, 28.45274pt)
* v-part:(T,H,B)=(0.0pt, 273.14662pt, 0.0pt)
* \paperwidth=364.19536pt
* \paperheight=273.14662pt
* \textwidth=307.28987pt
* \textheight=244.6939pt
* \oddsidemargin=-43.81725pt
* \evensidemargin=-43.81725pt
* \topmargin=-72.26999pt
* \headheight=14.22636pt
* \headsep=0.0pt
* \topskip=11.0pt
* \footskip=14.22636pt
* \marginparwidth=4.0pt
* \marginparsep=10.0pt
* \columnsep=10.0pt
* \skip\footins=10.0pt plus 4.0pt minus 2.0pt
* \hoffset=0.0pt
* \voffset=0.0pt
* \mag=1000
* \@twocolumnfalse
* \@twosidefalse
* \@mparswitchfalse
* \@reversemarginfalse
* (1in=72.27pt=25.4mm, 1cm=28.453pt)

(/usr/local/texlive/2023/texmf-dist/tex/context/base/mkii/supp-pdf.mkii
[Loading MPS to PDF converter (version 2006.09.02).]
\scratchcounter=\count388
\scratchdimen=\dimen375
\scratchbox=\box101
\nofMPsegments=\count389
\nofMParguments=\count390
\everyMPshowfont=\toks61
\MPscratchCnt=\count391
\MPscratchDim=\dimen376
\MPnumerator=\count392
\makeMPintoPDFobject=\count393
\everyMPtoPDFconversion=\toks62
) (/usr/local/texlive/2023/texmf-dist/tex/latex/epstopdf-pkg/epstopdf-base.sty
Package: epstopdf-base 2020-01-24 v2.11 Base part for package epstopdf
Package epstopdf-base Info: Redefining graphics rule for `.eps' on input line 485.
 (/usr/local/texlive/2023/texmf-dist/tex/latex/latexconfig/epstopdf-sys.cfg
File: epstopdf-sys.cfg 2010/07/13 v1.3 Configuration of (r)epstopdf for TeX Live
))
Package hyperref Info: Link coloring ON on input line 105.
 (./main.out) (./main.out)
\@outlinefile=\write5

\openout5 = main.out
\symnumbers=\mathgroup11
LaTeX Font Info:    Redeclaring symbol font `pureletters' on input line 105.
LaTeX Font Info:    Encoding `OT1' has changed to `T1' for symbol font
(Font)              `pureletters' in the math version `normal' on input line 105.
LaTeX Font Info:    Overwriting symbol font `pureletters' in version `normal'
(Font)                  OT1/mathkerncmss/m/sl --> T1/lmr/m/it on input line 105.
LaTeX Font Info:    Encoding `OT1' has changed to `T1' for symbol font
(Font)              `pureletters' in the math version `bold' on input line 105.
LaTeX Font Info:    Overwriting symbol font `pureletters' in version `bold'
(Font)                  OT1/mathkerncmss/bx/sl --> T1/lmr/m/it on input line 105.
LaTeX Font Info:    Overwriting math alphabet `\mathrm' in version `normal'
(Font)                  OT1/cmr/m/n --> T1/lmr/m/n on input line 105.
LaTeX Font Info:    Redeclaring math alphabet \mathbf on input line 105.
LaTeX Font Info:    Redeclaring math alphabet \mathsf on input line 105.
LaTeX Font Info:    Overwriting math alphabet `\mathsf' in version `normal'
(Font)                  OT1/cmss/m/n --> T1/lmss/m/n on input line 105.
LaTeX Font Info:    Overwriting math alphabet `\mathsf' in version `bold'
(Font)                  OT1/cmss/bx/n --> T1/lmss/m/n on input line 105.
LaTeX Font Info:    Redeclaring math alphabet \mathit on input line 105.
LaTeX Font Info:    Overwriting math alphabet `\mathit' in version `normal'
(Font)                  OT1/cmr/m/it --> T1/lmr/m/it on input line 105.
LaTeX Font Info:    Overwriting math alphabet `\mathit' in version `bold'
(Font)                  OT1/cmr/bx/it --> T1/lmr/m/it on input line 105.
LaTeX Font Info:    Redeclaring math alphabet \mathtt on input line 105.
LaTeX Font Info:    Overwriting math alphabet `\mathtt' in version `normal'
(Font)                  OT1/cmtt/m/n --> T1/lmtt/m/n on input line 105.
LaTeX Font Info:    Overwriting math alphabet `\mathtt' in version `bold'
(Font)                  OT1/cmtt/m/n --> T1/lmtt/m/n on input line 105.
LaTeX Font Info:    Overwriting symbol font `numbers' in version `bold'
(Font)                  T1/lmr/m/n --> T1/lmr/b/n on input line 105.
LaTeX Font Info:    Overwriting symbol font `pureletters' in version `bold'
(Font)                  T1/lmr/m/it --> T1/lmr/b/it on input line 105.
LaTeX Font Info:    Overwriting math alphabet `\mathrm' in version `bold'
(Font)                  OT1/cmr/bx/n --> T1/lmr/b/n on input line 105.
LaTeX Font Info:    Overwriting math alphabet `\mathbf' in version `bold'
(Font)                  T1/lmr/b/n --> T1/lmr/b/n on input line 105.
LaTeX Font Info:    Overwriting math alphabet `\mathsf' in version `bold'
(Font)                  T1/lmss/m/n --> T1/lmss/b/n on input line 105.
LaTeX Font Info:    Overwriting math alphabet `\mathit' in version `bold'
(Font)                  T1/lmr/m/it --> T1/lmr/b/it on input line 105.
LaTeX Font Info:    Overwriting math alphabet `\mathtt' in version `bold'
(Font)                  T1/lmtt/m/n --> T1/lmtt/b/n on input line 105.
LaTeX Font Info:    Redeclaring symbol font `boldpureletters' on input line 105.
LaTeX Font Info:    Encoding `OT1' has changed to `T1' for symbol font
(Font)              `boldpureletters' in the math version `normal' on input line 105.
LaTeX Font Info:    Overwriting symbol font `boldpureletters' in version `normal'
(Font)                  OT1/mathkerncmss/bx/sl --> T1/lmr/bx/it on input line 105.
LaTeX Font Info:    Encoding `OT1' has changed to `T1' for symbol font
(Font)              `boldpureletters' in the math version `bold' on input line 105.
LaTeX Font Info:    Overwriting symbol font `boldpureletters' in version `bold'
(Font)                  OT1/mathkerncmss/bx/sl --> T1/lmr/bx/it on input line 105.
 (/usr/local/texlive/2023/texmf-dist/tex/latex/translator/translator-basic-dictionary-English.dict
Dictionary: translator-basic-dictionary, Language: English 
) (/usr/local/texlive/2023/texmf-dist/tex/latex/translator/translator-bibliography-dictionary-English.dict
Dictionary: translator-bibliography-dictionary, Language: English 
) (/usr/local/texlive/2023/texmf-dist/tex/latex/translator/translator-environment-dictionary-English.dict
Dictionary: translator-environment-dictionary, Language: English 
) (/usr/local/texlive/2023/texmf-dist/tex/latex/translator/translator-months-dictionary-English.dict
Dictionary: translator-months-dictionary, Language: English 
) (/usr/local/texlive/2023/texmf-dist/tex/latex/translator/translator-numbers-dictionary-English.dict
Dictionary: translator-numbers-dictionary, Language: English 
) (/usr/local/texlive/2023/texmf-dist/tex/latex/translator/translator-theorem-dictionary-English.dict
Dictionary: translator-theorem-dictionary, Language: English 
)
Package caption Info: Begin \AtBeginDocument code.
Package caption Info: End \AtBeginDocument code.
 (./main.nav) [1{/usr/local/texlive/2023/texmf-var/fonts/map/pdftex/updmap/pdftex.map}

] [2

] (./main.toc) [3

] (./main.toc) [4

] (./sections/Introduction.tex
LaTeX Font Info:    Trying to load font information for U+msa on input line 56.
 (/usr/local/texlive/2023/texmf-dist/tex/latex/amsfonts/umsa.fd
File: umsa.fd 2013/01/14 v3.01 AMS symbols A
)
LaTeX Font Info:    Trying to load font information for U+msb on input line 56.
 (/usr/local/texlive/2023/texmf-dist/tex/latex/amsfonts/umsb.fd
File: umsb.fd 2013/01/14 v3.01 AMS symbols B
) [5

]) (./main.toc) [6

] (./sections/Objectives.tex [7

]) (./main.toc) [8

] (./sections/SET.tex (./main.toc) [9

] [10

] [11

] [12

] [13

]) (./sections/RfReflectometry.tex (./main.toc) [14

] [15

]) (./sections/KineticInductance.tex (./main.toc) [16

] [17

]) (./main.toc) [18

] [19

] (./main.toc) [20

] (./sections/RLC.tex [21

] (./main.toc) [22

] [23

] [24

] [25

] [26

] [27

] [28

] [29

] [30

] [31

]
Package svg Info: Last page of `./svg-inkscape/OptContrComparisonDefense_svg-tex.pdf' is 1 on input line 470.
 (./svg-inkscape/OptContrComparisonDefense_svg-tex.pdf_tex
<./svg-inkscape/OptContrComparisonDefense_svg-tex.pdf, id=1224, page=1, 562.9833pt x 336.05548pt>
File: ./svg-inkscape/OptContrComparisonDefense_svg-tex.pdf Graphic file (type pdf)
<use ./svg-inkscape/OptContrComparisonDefense_svg-tex.pdf, page 1>
Package luatex.def Info: ./svg-inkscape/OptContrComparisonDefense_svg-tex.pdf , page1 used on input line 56.
(luatex.def)             Requested size: 307.28987pt x 183.4312pt.
) [32

<./svg-inkscape/OptContrComparisonDefense_svg-tex.pdf>]) (./main.toc) [33

] (./sections/KineticRLC.tex [34

] [35

] [36

] (./main.toc) [37

] [38

]
Package svg Info: Last page of `./svg-inkscape/IdealContrastOfRp&Lf&CcDefense_svg-tex.pdf' is 1 on input line 178.
 (./svg-inkscape/IdealContrastOfRp&Lf&CcDefense_svg-tex.pdf_tex
<./svg-inkscape/IdealContrastOfRp&Lf&CcDefense_svg-tex.pdf, id=1499, page=1, 489.9906pt x 293.41621pt>
File: ./svg-inkscape/IdealContrastOfRp&Lf&CcDefense_svg-tex.pdf Graphic file (type pdf)
<use ./svg-inkscape/IdealContrastOfRp&Lf&CcDefense_svg-tex.pdf, page 1>
Package luatex.def Info: ./svg-inkscape/IdealContrastOfRp&Lf&CcDefense_svg-tex.pdf , page1 used on input line 56.
(luatex.def)             Requested size: 307.28987pt x 184.01596pt.
) [39

<./svg-inkscape/IdealContrastOfRp&Lf&CcDefense_svg-tex.pdf>] [40

]
Package svg Info: Last page of `./svg-inkscape/ImprovementsOfRp_svg-tex.pdf' is 1 on input line 307.
 (./svg-inkscape/ImprovementsOfRp_svg-tex.pdf_tex
<./svg-inkscape/ImprovementsOfRp_svg-tex.pdf, id=1733, page=1, 544.19307pt x 286.9119pt>
File: ./svg-inkscape/ImprovementsOfRp_svg-tex.pdf Graphic file (type pdf)
<use ./svg-inkscape/ImprovementsOfRp_svg-tex.pdf, page 1>
Package luatex.def Info: ./svg-inkscape/ImprovementsOfRp_svg-tex.pdf , page1 used on input line 56.
(luatex.def)             Requested size: 307.28987pt x 162.0092pt.
) [41

<./svg-inkscape/ImprovementsOfRp_svg-tex.pdf>]) (./main.toc) [42

] (./sections/Conclusions.tex [43

]) (./main.toc) [44

] (./sections/NextSteps.tex [45

] [46

])
\tf@nav=\write6

\openout6 = main.nav
\tf@toc=\write7

\openout7 = main.toc
\tf@snm=\write8

\openout8 = main.snm

(./main.aux)
 ***********
LaTeX2e <2023-11-01>
L3 programming layer <2023-11-01>
 ***********
Package rerunfilecheck Info: File `main.out' has not changed.
(rerunfilecheck)             Checksum: 23F39B61E63DDA8A9B2CB30C1EDD8CF4;1818.
)

Here is how much of LuaTeX's memory you used:
 53996 strings out of 476603
 100000,2373549 words of node,token memory allocated
 8777 words of node memory still in use:
   130 hlist, 24 vlist, 19 rule, 9 local_par, 8 math, 218 glue, 68 kern, 23 penalty, 502 glyph, 331 attribute, 65 glue_spec, 167 attribute_list, 4 write, 3 pdf_start_link, 3 pdf_end_link, 3 pdf_action, 52 pdf_colorstack nodes
   avail lists: 2:3792,3:1700,4:450,5:230,6:70,7:2268,8:47,9:1010,10:15,11:6
 74290 multiletter control sequences out of 65536+600000
 106 fonts using 6997719 bytes
 128i,23n,116p,378b,1127s stack positions out of 10000i,1000n,20000p,200000b,200000s
{/usr/local/texlive/2023/texmf-dist/fonts/enc/dvips/lm/lm-ec.enc}</usr/local/texlive/2023/texmf-dist/fonts/type1/public/amsfonts/cm/cmex10.pfb></usr/local/texlive/2023/texmf-dist/fonts/type1/public/amsfonts/cm/cmmi10.pfb></usr/local/texlive/2023/texmf-dist/fonts/type1/public/amsfonts/cm/cmmi12.pfb></usr/local/texlive/2023/texmf-dist/fonts/type1/public/amsfonts/cm/cmmi8.pfb></usr/local/texlive/2023/texmf-dist/fonts/type1/public/amsfonts/cm/cmr10.pfb></usr/local/texlive/2023/texmf-dist/fonts/type1/public/amsfonts/cm/cmr8.pfb></usr/local/texlive/2023/texmf-dist/fonts/type1/public/amsfonts/cm/cmsy10.pfb></usr/local/texlive/2023/texmf-dist/fonts/type1/public/amsfonts/cm/cmsy8.pfb></usr/local/texlive/2023/texmf-dist/fonts/type1/public/lm/lmbx10.pfb></usr/local/texlive/2023/texmf-dist/fonts/type1/public/lm/lmbx12.pfb></usr/local/texlive/2023/texmf-dist/fonts/type1/public/lm/lmbx6.pfb></usr/local/texlive/2023/texmf-dist/fonts/type1/public/lm/lmr10.pfb></usr/local/texlive/2023/texmf-dist/fonts/type1/public/lm/lmr12.pfb></usr/local/texlive/2023/texmf-dist/fonts/type1/public/lm/lmr6.pfb></usr/local/texlive/2023/texmf-dist/fonts/type1/public/lm/lmr7.pfb></usr/local/texlive/2023/texmf-dist/fonts/type1/public/lm/lmr8.pfb></usr/local/texlive/2023/texmf-dist/fonts/type1/public/lm/lmr9.pfb></usr/local/texlive/2023/texmf-dist/fonts/type1/public/lm/lmri10.pfb></usr/local/texlive/2023/texmf-dist/fonts/type1/public/lm/lmri12.pfb></usr/local/texlive/2023/texmf-dist/fonts/type1/public/lm/lmri7.pfb></usr/local/texlive/2023/texmf-dist/fonts/type1/public/lm/lmri8.pfb>
Output written on main.pdf (46 pages, 581268 bytes).

PDF statistics: 2069 PDF objects out of 2073 (max. 8388607)
 1627 compressed objects within 17 object streams
 119 named destinations out of 1000 (max. 131072)
 104 words of extra memory for PDF output out of 10000 (max. 100000000)

